-------------------------------------------------------------------------------
Test set: runner.Runner
-------------------------------------------------------------------------------
Tests run: 1, Failures: 1, Errors: 0, Skipped: 0, Time elapsed: 45.401 s <<< FAILURE! - in runner.Runner
Login Functionalities of your feature.Verify Login Functionality  Time elapsed: 30.526 s  <<< FAILURE!
org.junit.ComparisonFailure: expected:<Welcome Test[555]> but was:<Welcome Test[]>

